d:\w5_1\w5\_framework\bin\debug\gpp_framework.exe
d:\w5_1\w5\_framework\source\tempfiles\debug\gpp_framework.ilk
d:\w5_1\w5\_framework\bin\debug\gpp_framework.pdb
d:\w5_1\w5\_framework\source\tempfiles\debug\gpp_framework.pch
d:\w5_1\w5\_framework\source\tempfiles\debug\vc142.pdb
d:\w5_1\w5\_framework\source\tempfiles\debug\vc142.idb
d:\w5_1\w5\_framework\source\tempfiles\debug\stdafx.obj
d:\w5_1\w5\_framework\source\tempfiles\debug\sandboxagent.obj
d:\w5_1\w5\_framework\source\tempfiles\debug\app_sandbox.obj
d:\w5_1\w5\_framework\source\tempfiles\debug\app_graphtheory.obj
d:\w5_1\w5\_framework\source\tempfiles\debug\main.obj
d:\w5_1\w5\_framework\source\tempfiles\debug\gl3w.obj
d:\w5_1\w5\_framework\source\tempfiles\debug\sdlwindow.obj
d:\w5_1\w5\_framework\source\tempfiles\debug\eimmediateui.obj
d:\w5_1\w5\_framework\source\tempfiles\debug\etimer_sdl.obj
d:\w5_1\w5\_framework\source\tempfiles\debug\sdlframe.obj
d:\w5_1\w5\_framework\source\tempfiles\debug\sdldebugrenderer2d.obj
d:\w5_1\w5\_framework\source\tempfiles\debug\ecamera2d.obj
d:\w5_1\w5\_framework\source\tempfiles\debug\ephysicsworldbox2d.obj
d:\w5_1\w5\_framework\source\tempfiles\debug\erigidbodybox2d.obj
d:\w5_1\w5\_framework\source\tempfiles\debug\ematrix2x3.obj
d:\w5_1\w5\_framework\source\tempfiles\debug\einputmanager.obj
d:\w5_1\w5\_framework\source\tempfiles\debug\egeometry2dtypes.obj
d:\w5_1\w5\_framework\source\tempfiles\debug\egraphrenderer.obj
d:\w5_1\w5\_framework\source\tempfiles\debug\egrapheditor.obj
d:\w5_1\w5\_framework\source\tempfiles\debug\egraphnodetypes.obj
d:\w5_1\w5\_framework\source\tempfiles\debug\egraphconnectiontypes.obj
d:\w5_1\w5\_framework\source\tempfiles\debug\navigationcolliderelement.obj
d:\w5_1\w5\_framework\source\tempfiles\debug\baseagent.obj
d:\w5_1\w5\_framework\source\tempfiles\debug\steeringbehaviors.obj
d:\w5_1\w5\_framework\source\tempfiles\debug\steeringagent.obj
d:\w5_1\w5\_framework\source\tempfiles\debug\obstacle.obj
d:\w5_1\w5\_framework\source\tempfiles\debug\app_steeringbehaviors.obj
d:\w5_1\w5\_framework\source\tempfiles\debug\theflock.obj
d:\w5_1\w5\_framework\source\tempfiles\debug\flockingsteeringbehaviors.obj
d:\w5_1\w5\_framework\source\tempfiles\debug\app_flocking.obj
d:\w5_1\w5\_framework\source\tempfiles\debug\combinedsteeringbehaviors.obj
d:\w5_1\w5\_framework\source\tempfiles\debug\app_combinedsteering.obj
d:\w5_1\w5\_framework\source\tempfiles\debug\app_pathfindingastar.obj
d:\w5_1\w5\_framework\source\..\bin\debug\gpp_framework.pdb
d:\w5_1\w5\_framework\source\tempfiles\debug\gpp_framework.tlog\link.write.1.tlog
d:\w5_1\w5\_framework\source\tempfiles\debug\gpp_framework.tlog\link.command.1.tlog
d:\w5_1\w5\_framework\source\tempfiles\debug\gpp_framework.tlog\cl.read.1.tlog
d:\w5_1\w5\_framework\source\tempfiles\debug\gpp_framework.tlog\cl.write.1.tlog
d:\w5_1\w5\_framework\source\tempfiles\debug\gpp_framework.tlog\cl.command.1.tlog
d:\w5_1\w5\_framework\source\tempfiles\debug\gpp_framework.tlog\link.read.1.tlog
